WARN | 04:45:03 PM | vscode-loader: Could not find package.json(c) in path  (expanded to nil).
WARN | 04:45:03 PM | vscode-loader: Could not resolve all manifests for paths `{ "" }`: only found `{}`
WARN | 04:45:03 PM | snipmate-loader: Could not resolve all collection-roots for paths `{ "" }`: only found `{}`
WARN | 04:45:03 PM | lua-loader: Could not resolve all collection-roots for paths `{ "" }`: only found `{}`
WARN | 05:06:05 PM | vscode-loader: Could not find package.json(c) in path  (expanded to nil).
WARN | 05:06:05 PM | vscode-loader: Could not resolve all manifests for paths `{ "" }`: only found `{}`
WARN | 05:06:05 PM | snipmate-loader: Could not resolve all collection-roots for paths `{ "" }`: only found `{}`
WARN | 05:06:05 PM | lua-loader: Could not resolve all collection-roots for paths `{ "" }`: only found `{}`
WARN | 05:07:45 PM | vscode-loader: Could not find package.json(c) in path  (expanded to nil).
WARN | 05:07:45 PM | vscode-loader: Could not resolve all manifests for paths `{ "" }`: only found `{}`
WARN | 05:07:45 PM | snipmate-loader: Could not resolve all collection-roots for paths `{ "" }`: only found `{}`
WARN | 05:07:45 PM | lua-loader: Could not resolve all collection-roots for paths `{ "" }`: only found `{}`
WARN | 05:14:22 PM | vscode-loader: Could not find package.json(c) in path  (expanded to nil).
WARN | 05:14:22 PM | vscode-loader: Could not resolve all manifests for paths `{ "" }`: only found `{}`
WARN | 05:14:22 PM | snipmate-loader: Could not resolve all collection-roots for paths `{ "" }`: only found `{}`
WARN | 05:14:22 PM | lua-loader: Could not resolve all collection-roots for paths `{ "" }`: only found `{}`
WARN | 05:15:36 PM | vscode-loader: Could not find package.json(c) in path  (expanded to nil).
WARN | 05:15:36 PM | vscode-loader: Could not resolve all manifests for paths `{ "" }`: only found `{}`
WARN | 05:15:36 PM | snipmate-loader: Could not resolve all collection-roots for paths `{ "" }`: only found `{}`
WARN | 05:15:36 PM | lua-loader: Could not resolve all collection-roots for paths `{ "" }`: only found `{}`
WARN | 05:16:56 PM | vscode-loader: Could not find package.json(c) in path  (expanded to nil).
WARN | 05:16:56 PM | vscode-loader: Could not resolve all manifests for paths `{ "" }`: only found `{}`
WARN | 05:16:56 PM | snipmate-loader: Could not resolve all collection-roots for paths `{ "" }`: only found `{}`
WARN | 05:16:56 PM | lua-loader: Could not resolve all collection-roots for paths `{ "" }`: only found `{}`
WARN | 05:48:01 PM | vscode-loader: Could not find package.json(c) in path  (expanded to nil).
WARN | 05:48:01 PM | vscode-loader: Could not resolve all manifests for paths `{ "" }`: only found `{}`
WARN | 05:48:01 PM | snipmate-loader: Could not resolve all collection-roots for paths `{ "" }`: only found `{}`
WARN | 05:48:01 PM | lua-loader: Could not resolve all collection-roots for paths `{ "" }`: only found `{}`
WARN | 05:49:02 PM | vscode-loader: Could not find package.json(c) in path  (expanded to nil).
WARN | 05:49:02 PM | vscode-loader: Could not resolve all manifests for paths `{ "" }`: only found `{}`
WARN | 05:49:02 PM | snipmate-loader: Could not resolve all collection-roots for paths `{ "" }`: only found `{}`
WARN | 05:49:02 PM | lua-loader: Could not resolve all collection-roots for paths `{ "" }`: only found `{}`
WARN | 06:06:07 PM | vscode-loader: Could not find package.json(c) in path  (expanded to nil).
WARN | 06:06:07 PM | vscode-loader: Could not resolve all manifests for paths `{ "" }`: only found `{}`
WARN | 06:06:07 PM | snipmate-loader: Could not resolve all collection-roots for paths `{ "" }`: only found `{}`
WARN | 06:06:07 PM | lua-loader: Could not resolve all collection-roots for paths `{ "" }`: only found `{}`
WARN | 06:17:51 PM | vscode-loader: Could not find package.json(c) in path  (expanded to nil).
WARN | 06:17:51 PM | vscode-loader: Could not resolve all manifests for paths `{ "" }`: only found `{}`
WARN | 06:17:51 PM | snipmate-loader: Could not resolve all collection-roots for paths `{ "" }`: only found `{}`
WARN | 06:17:51 PM | lua-loader: Could not resolve all collection-roots for paths `{ "" }`: only found `{}`
WARN | 06:18:46 PM | vscode-loader: Could not find package.json(c) in path  (expanded to nil).
WARN | 06:18:46 PM | vscode-loader: Could not resolve all manifests for paths `{ "" }`: only found `{}`
WARN | 06:18:46 PM | snipmate-loader: Could not resolve all collection-roots for paths `{ "" }`: only found `{}`
WARN | 06:18:46 PM | lua-loader: Could not resolve all collection-roots for paths `{ "" }`: only found `{}`
WARN | 06:19:22 PM | vscode-loader: Could not find package.json(c) in path  (expanded to nil).
WARN | 06:19:22 PM | vscode-loader: Could not resolve all manifests for paths `{ "" }`: only found `{}`
WARN | 06:19:22 PM | snipmate-loader: Could not resolve all collection-roots for paths `{ "" }`: only found `{}`
WARN | 06:19:22 PM | lua-loader: Could not resolve all collection-roots for paths `{ "" }`: only found `{}`
WARN | 08:44:45 PM | vscode-loader: Could not find package.json(c) in path  (expanded to nil).
WARN | 08:44:45 PM | vscode-loader: Could not resolve all manifests for paths `{ "" }`: only found `{}`
WARN | 08:44:45 PM | snipmate-loader: Could not resolve all collection-roots for paths `{ "" }`: only found `{}`
WARN | 08:44:45 PM | lua-loader: Could not resolve all collection-roots for paths `{ "" }`: only found `{}`
WARN | 08:58:41 PM | vscode-loader: Could not find package.json(c) in path  (expanded to nil).
WARN | 08:58:41 PM | vscode-loader: Could not resolve all manifests for paths `{ "" }`: only found `{}`
WARN | 08:58:41 PM | snipmate-loader: Could not resolve all collection-roots for paths `{ "" }`: only found `{}`
WARN | 08:58:41 PM | lua-loader: Could not resolve all collection-roots for paths `{ "" }`: only found `{}`
WARN | 09:00:17 PM | vscode-loader: Could not find package.json(c) in path  (expanded to nil).
WARN | 09:00:17 PM | vscode-loader: Could not resolve all manifests for paths `{ "" }`: only found `{}`
WARN | 09:00:17 PM | snipmate-loader: Could not resolve all collection-roots for paths `{ "" }`: only found `{}`
WARN | 09:00:17 PM | lua-loader: Could not resolve all collection-roots for paths `{ "" }`: only found `{}`
WARN | 09:06:44 PM | vscode-loader: Could not find package.json(c) in path  (expanded to nil).
WARN | 09:06:44 PM | vscode-loader: Could not resolve all manifests for paths `{ "" }`: only found `{}`
WARN | 09:06:44 PM | snipmate-loader: Could not resolve all collection-roots for paths `{ "" }`: only found `{}`
WARN | 09:06:44 PM | lua-loader: Could not resolve all collection-roots for paths `{ "" }`: only found `{}`
WARN | 09:09:07 PM | vscode-loader: Could not find package.json(c) in path  (expanded to nil).
WARN | 09:09:07 PM | vscode-loader: Could not resolve all manifests for paths `{ "" }`: only found `{}`
WARN | 09:09:07 PM | snipmate-loader: Could not resolve all collection-roots for paths `{ "" }`: only found `{}`
WARN | 09:09:07 PM | lua-loader: Could not resolve all collection-roots for paths `{ "" }`: only found `{}`
WARN | 09:09:52 PM | vscode-loader: Could not find package.json(c) in path  (expanded to nil).
WARN | 09:09:52 PM | vscode-loader: Could not resolve all manifests for paths `{ "" }`: only found `{}`
WARN | 09:09:52 PM | snipmate-loader: Could not resolve all collection-roots for paths `{ "" }`: only found `{}`
WARN | 09:09:52 PM | lua-loader: Could not resolve all collection-roots for paths `{ "" }`: only found `{}`
WARN | 09:12:04 PM | vscode-loader: Could not find package.json(c) in path  (expanded to nil).
WARN | 09:12:04 PM | vscode-loader: Could not resolve all manifests for paths `{ "" }`: only found `{}`
WARN | 09:12:04 PM | snipmate-loader: Could not resolve all collection-roots for paths `{ "" }`: only found `{}`
WARN | 09:12:04 PM | lua-loader: Could not resolve all collection-roots for paths `{ "" }`: only found `{}`
WARN | 09:27:10 PM | vscode-loader: Could not find package.json(c) in path  (expanded to nil).
WARN | 09:27:10 PM | vscode-loader: Could not resolve all manifests for paths `{ "" }`: only found `{}`
WARN | 09:27:10 PM | snipmate-loader: Could not resolve all collection-roots for paths `{ "" }`: only found `{}`
WARN | 09:27:10 PM | lua-loader: Could not resolve all collection-roots for paths `{ "" }`: only found `{}`
WARN | 09:28:15 PM | vscode-loader: Could not find package.json(c) in path  (expanded to nil).
WARN | 09:28:15 PM | vscode-loader: Could not resolve all manifests for paths `{ "" }`: only found `{}`
WARN | 09:28:15 PM | snipmate-loader: Could not resolve all collection-roots for paths `{ "" }`: only found `{}`
WARN | 09:28:15 PM | lua-loader: Could not resolve all collection-roots for paths `{ "" }`: only found `{}`
WARN | 09:32:13 PM | vscode-loader: Could not find package.json(c) in path  (expanded to nil).
WARN | 09:32:13 PM | vscode-loader: Could not resolve all manifests for paths `{ "" }`: only found `{}`
WARN | 09:32:13 PM | snipmate-loader: Could not resolve all collection-roots for paths `{ "" }`: only found `{}`
WARN | 09:32:13 PM | lua-loader: Could not resolve all collection-roots for paths `{ "" }`: only found `{}`
WARN | 09:00:44 PM | vscode-loader: Could not find package.json(c) in path  (expanded to nil).
WARN | 09:00:44 PM | vscode-loader: Could not resolve all manifests for paths `{ "" }`: only found `{}`
WARN | 09:00:44 PM | snipmate-loader: Could not resolve all collection-roots for paths `{ "" }`: only found `{}`
WARN | 09:00:44 PM | lua-loader: Could not resolve all collection-roots for paths `{ "" }`: only found `{}`
WARN | 09:03:26 PM | vscode-loader: Could not find package.json(c) in path  (expanded to nil).
WARN | 09:03:26 PM | vscode-loader: Could not resolve all manifests for paths `{ "" }`: only found `{}`
WARN | 09:03:26 PM | snipmate-loader: Could not resolve all collection-roots for paths `{ "" }`: only found `{}`
WARN | 09:03:26 PM | lua-loader: Could not resolve all collection-roots for paths `{ "" }`: only found `{}`
WARN | 09:08:28 PM | vscode-loader: Could not find package.json(c) in path  (expanded to nil).
WARN | 09:08:28 PM | vscode-loader: Could not resolve all manifests for paths `{ "" }`: only found `{}`
WARN | 09:08:28 PM | snipmate-loader: Could not resolve all collection-roots for paths `{ "" }`: only found `{}`
WARN | 09:08:28 PM | lua-loader: Could not resolve all collection-roots for paths `{ "" }`: only found `{}`
WARN | 09:09:17 PM | vscode-loader: Could not find package.json(c) in path  (expanded to nil).
WARN | 09:09:17 PM | vscode-loader: Could not resolve all manifests for paths `{ "" }`: only found `{}`
WARN | 09:09:17 PM | snipmate-loader: Could not resolve all collection-roots for paths `{ "" }`: only found `{}`
WARN | 09:09:17 PM | lua-loader: Could not resolve all collection-roots for paths `{ "" }`: only found `{}`
WARN | 09:16:17 PM | vscode-loader: Could not find package.json(c) in path  (expanded to nil).
WARN | 09:16:17 PM | vscode-loader: Could not resolve all manifests for paths `{ "" }`: only found `{}`
WARN | 09:16:17 PM | snipmate-loader: Could not resolve all collection-roots for paths `{ "" }`: only found `{}`
WARN | 09:16:17 PM | lua-loader: Could not resolve all collection-roots for paths `{ "" }`: only found `{}`
WARN | 09:24:45 PM | vscode-loader: Could not find package.json(c) in path  (expanded to nil).
WARN | 09:24:45 PM | vscode-loader: Could not resolve all manifests for paths `{ "" }`: only found `{}`
WARN | 09:24:45 PM | snipmate-loader: Could not resolve all collection-roots for paths `{ "" }`: only found `{}`
WARN | 09:24:45 PM | lua-loader: Could not resolve all collection-roots for paths `{ "" }`: only found `{}`
WARN | 09:33:50 PM | vscode-loader: Could not find package.json(c) in path  (expanded to nil).
WARN | 09:33:50 PM | vscode-loader: Could not resolve all manifests for paths `{ "" }`: only found `{}`
WARN | 09:33:50 PM | snipmate-loader: Could not resolve all collection-roots for paths `{ "" }`: only found `{}`
WARN | 09:33:50 PM | lua-loader: Could not resolve all collection-roots for paths `{ "" }`: only found `{}`
WARN | 09:37:50 PM | vscode-loader: Could not find package.json(c) in path  (expanded to nil).
WARN | 09:37:50 PM | vscode-loader: Could not resolve all manifests for paths `{ "" }`: only found `{}`
WARN | 09:37:50 PM | snipmate-loader: Could not resolve all collection-roots for paths `{ "" }`: only found `{}`
WARN | 09:37:50 PM | lua-loader: Could not resolve all collection-roots for paths `{ "" }`: only found `{}`
WARN | 05:39:03 PM | vscode-loader: Could not find package.json(c) in path  (expanded to nil).
WARN | 05:39:03 PM | vscode-loader: Could not resolve all manifests for paths `{ "" }`: only found `{}`
WARN | 05:39:03 PM | snipmate-loader: Could not resolve all collection-roots for paths `{ "" }`: only found `{}`
WARN | 05:39:03 PM | lua-loader: Could not resolve all collection-roots for paths `{ "" }`: only found `{}`
WARN | 05:43:27 PM | vscode-loader: Could not find package.json(c) in path  (expanded to nil).
WARN | 05:43:27 PM | vscode-loader: Could not resolve all manifests for paths `{ "" }`: only found `{}`
WARN | 05:43:27 PM | snipmate-loader: Could not resolve all collection-roots for paths `{ "" }`: only found `{}`
WARN | 05:43:27 PM | lua-loader: Could not resolve all collection-roots for paths `{ "" }`: only found `{}`
WARN | 05:52:48 PM | vscode-loader: Could not find package.json(c) in path  (expanded to nil).
WARN | 05:52:48 PM | vscode-loader: Could not resolve all manifests for paths `{ "" }`: only found `{}`
WARN | 05:52:48 PM | snipmate-loader: Could not resolve all collection-roots for paths `{ "" }`: only found `{}`
WARN | 05:52:48 PM | lua-loader: Could not resolve all collection-roots for paths `{ "" }`: only found `{}`
WARN | 05:53:47 PM | vscode-loader: Could not find package.json(c) in path  (expanded to nil).
WARN | 05:53:47 PM | vscode-loader: Could not resolve all manifests for paths `{ "" }`: only found `{}`
WARN | 05:53:47 PM | snipmate-loader: Could not resolve all collection-roots for paths `{ "" }`: only found `{}`
WARN | 05:53:47 PM | lua-loader: Could not resolve all collection-roots for paths `{ "" }`: only found `{}`
WARN | 05:57:54 PM | vscode-loader: Could not find package.json(c) in path  (expanded to nil).
WARN | 05:57:54 PM | vscode-loader: Could not resolve all manifests for paths `{ "" }`: only found `{}`
WARN | 05:57:54 PM | snipmate-loader: Could not resolve all collection-roots for paths `{ "" }`: only found `{}`
WARN | 05:57:54 PM | lua-loader: Could not resolve all collection-roots for paths `{ "" }`: only found `{}`
WARN | 05:58:39 PM | vscode-loader: Could not find package.json(c) in path  (expanded to nil).
WARN | 05:58:39 PM | vscode-loader: Could not resolve all manifests for paths `{ "" }`: only found `{}`
WARN | 05:58:39 PM | snipmate-loader: Could not resolve all collection-roots for paths `{ "" }`: only found `{}`
WARN | 05:58:39 PM | lua-loader: Could not resolve all collection-roots for paths `{ "" }`: only found `{}`
WARN | 06:00:54 PM | vscode-loader: Could not find package.json(c) in path  (expanded to nil).
WARN | 06:00:54 PM | vscode-loader: Could not resolve all manifests for paths `{ "" }`: only found `{}`
WARN | 06:00:54 PM | snipmate-loader: Could not resolve all collection-roots for paths `{ "" }`: only found `{}`
WARN | 06:00:54 PM | lua-loader: Could not resolve all collection-roots for paths `{ "" }`: only found `{}`
WARN | 06:01:22 PM | vscode-loader: Could not find package.json(c) in path  (expanded to nil).
WARN | 06:01:22 PM | vscode-loader: Could not resolve all manifests for paths `{ "" }`: only found `{}`
WARN | 06:01:22 PM | snipmate-loader: Could not resolve all collection-roots for paths `{ "" }`: only found `{}`
WARN | 06:01:22 PM | lua-loader: Could not resolve all collection-roots for paths `{ "" }`: only found `{}`
WARN | 06:14:00 PM | vscode-loader: Could not find package.json(c) in path  (expanded to nil).
WARN | 06:14:00 PM | vscode-loader: Could not resolve all manifests for paths `{ "" }`: only found `{}`
WARN | 06:14:00 PM | snipmate-loader: Could not resolve all collection-roots for paths `{ "" }`: only found `{}`
WARN | 06:14:00 PM | lua-loader: Could not resolve all collection-roots for paths `{ "" }`: only found `{}`
WARN | 06:15:21 PM | vscode-loader: Could not find package.json(c) in path  (expanded to nil).
WARN | 06:15:21 PM | vscode-loader: Could not resolve all manifests for paths `{ "" }`: only found `{}`
WARN | 06:15:21 PM | snipmate-loader: Could not resolve all collection-roots for paths `{ "" }`: only found `{}`
WARN | 06:15:21 PM | lua-loader: Could not resolve all collection-roots for paths `{ "" }`: only found `{}`
WARN | 06:35:05 PM | vscode-loader: Could not find package.json(c) in path  (expanded to nil).
WARN | 06:35:05 PM | vscode-loader: Could not resolve all manifests for paths `{ "" }`: only found `{}`
WARN | 06:35:05 PM | snipmate-loader: Could not resolve all collection-roots for paths `{ "" }`: only found `{}`
WARN | 06:35:05 PM | lua-loader: Could not resolve all collection-roots for paths `{ "" }`: only found `{}`
WARN | 06:36:51 PM | vscode-loader: Could not find package.json(c) in path  (expanded to nil).
WARN | 06:36:51 PM | vscode-loader: Could not resolve all manifests for paths `{ "" }`: only found `{}`
WARN | 06:36:51 PM | snipmate-loader: Could not resolve all collection-roots for paths `{ "" }`: only found `{}`
WARN | 06:36:51 PM | lua-loader: Could not resolve all collection-roots for paths `{ "" }`: only found `{}`
WARN | 07:00:59 PM | vscode-loader: Could not find package.json(c) in path  (expanded to nil).
WARN | 07:00:59 PM | vscode-loader: Could not resolve all manifests for paths `{ "" }`: only found `{}`
WARN | 07:00:59 PM | snipmate-loader: Could not resolve all collection-roots for paths `{ "" }`: only found `{}`
WARN | 07:00:59 PM | lua-loader: Could not resolve all collection-roots for paths `{ "" }`: only found `{}`
WARN | 07:02:28 PM | vscode-loader: Could not find package.json(c) in path  (expanded to nil).
WARN | 07:02:28 PM | vscode-loader: Could not resolve all manifests for paths `{ "" }`: only found `{}`
WARN | 07:02:28 PM | snipmate-loader: Could not resolve all collection-roots for paths `{ "" }`: only found `{}`
WARN | 07:02:28 PM | lua-loader: Could not resolve all collection-roots for paths `{ "" }`: only found `{}`
WARN | 07:03:11 PM | vscode-loader: Could not find package.json(c) in path  (expanded to nil).
WARN | 07:03:11 PM | vscode-loader: Could not resolve all manifests for paths `{ "" }`: only found `{}`
WARN | 07:03:11 PM | snipmate-loader: Could not resolve all collection-roots for paths `{ "" }`: only found `{}`
WARN | 07:03:11 PM | lua-loader: Could not resolve all collection-roots for paths `{ "" }`: only found `{}`
WARN | 07:04:31 PM | vscode-loader: Could not find package.json(c) in path  (expanded to nil).
WARN | 07:04:31 PM | vscode-loader: Could not resolve all manifests for paths `{ "" }`: only found `{}`
WARN | 07:04:31 PM | snipmate-loader: Could not resolve all collection-roots for paths `{ "" }`: only found `{}`
WARN | 07:04:31 PM | lua-loader: Could not resolve all collection-roots for paths `{ "" }`: only found `{}`
WARN | 08:40:27 PM | vscode-loader: Could not find package.json(c) in path  (expanded to nil).
WARN | 08:40:27 PM | vscode-loader: Could not resolve all manifests for paths `{ "" }`: only found `{}`
WARN | 08:40:27 PM | snipmate-loader: Could not resolve all collection-roots for paths `{ "" }`: only found `{}`
WARN | 08:40:27 PM | lua-loader: Could not resolve all collection-roots for paths `{ "" }`: only found `{}`
WARN | 11:03:26 AM | vscode-loader: Could not find package.json(c) in path  (expanded to nil).
WARN | 11:03:26 AM | vscode-loader: Could not resolve all manifests for paths `{ "" }`: only found `{}`
WARN | 11:03:26 AM | snipmate-loader: Could not resolve all collection-roots for paths `{ "" }`: only found `{}`
WARN | 11:03:26 AM | lua-loader: Could not resolve all collection-roots for paths `{ "" }`: only found `{}`
WARN | 12:02:51 PM | vscode-loader: Could not find package.json(c) in path  (expanded to nil).
WARN | 12:02:51 PM | vscode-loader: Could not resolve all manifests for paths `{ "" }`: only found `{}`
WARN | 12:02:51 PM | snipmate-loader: Could not resolve all collection-roots for paths `{ "" }`: only found `{}`
WARN | 12:02:51 PM | lua-loader: Could not resolve all collection-roots for paths `{ "" }`: only found `{}`
WARN | 01:04:01 PM | vscode-loader: Could not find package.json(c) in path  (expanded to nil).
WARN | 01:04:01 PM | vscode-loader: Could not resolve all manifests for paths `{ "" }`: only found `{}`
WARN | 01:04:01 PM | snipmate-loader: Could not resolve all collection-roots for paths `{ "" }`: only found `{}`
WARN | 01:04:01 PM | lua-loader: Could not resolve all collection-roots for paths `{ "" }`: only found `{}`
WARN | 04:57:39 PM | vscode-loader: Could not find package.json(c) in path  (expanded to nil).
WARN | 04:57:39 PM | vscode-loader: Could not resolve all manifests for paths `{ "" }`: only found `{}`
WARN | 04:57:39 PM | snipmate-loader: Could not resolve all collection-roots for paths `{ "" }`: only found `{}`
WARN | 04:57:39 PM | lua-loader: Could not resolve all collection-roots for paths `{ "" }`: only found `{}`
WARN | 05:11:56 PM | vscode-loader: Could not find package.json(c) in path  (expanded to nil).
WARN | 05:11:56 PM | vscode-loader: Could not resolve all manifests for paths `{ "" }`: only found `{}`
WARN | 05:11:56 PM | snipmate-loader: Could not resolve all collection-roots for paths `{ "" }`: only found `{}`
WARN | 05:11:56 PM | lua-loader: Could not resolve all collection-roots for paths `{ "" }`: only found `{}`
WARN | 05:16:01 PM | vscode-loader: Could not find package.json(c) in path  (expanded to nil).
WARN | 05:16:01 PM | vscode-loader: Could not resolve all manifests for paths `{ "" }`: only found `{}`
WARN | 05:16:01 PM | snipmate-loader: Could not resolve all collection-roots for paths `{ "" }`: only found `{}`
WARN | 05:16:01 PM | lua-loader: Could not resolve all collection-roots for paths `{ "" }`: only found `{}`
WARN | 11:12:48 AM | vscode-loader: Could not find package.json(c) in path  (expanded to nil).
WARN | 11:12:48 AM | vscode-loader: Could not resolve all manifests for paths `{ "" }`: only found `{}`
WARN | 11:12:48 AM | snipmate-loader: Could not resolve all collection-roots for paths `{ "" }`: only found `{}`
WARN | 11:12:48 AM | lua-loader: Could not resolve all collection-roots for paths `{ "" }`: only found `{}`
WARN | 11:30:02 AM | vscode-loader: Could not find package.json(c) in path  (expanded to nil).
WARN | 11:30:02 AM | vscode-loader: Could not resolve all manifests for paths `{ "" }`: only found `{}`
WARN | 11:30:02 AM | snipmate-loader: Could not resolve all collection-roots for paths `{ "" }`: only found `{}`
WARN | 11:30:02 AM | lua-loader: Could not resolve all collection-roots for paths `{ "" }`: only found `{}`
WARN | 11:55:13 AM | vscode-loader: Could not find package.json(c) in path  (expanded to nil).
WARN | 11:55:13 AM | vscode-loader: Could not resolve all manifests for paths `{ "" }`: only found `{}`
WARN | 11:55:13 AM | snipmate-loader: Could not resolve all collection-roots for paths `{ "" }`: only found `{}`
WARN | 11:55:13 AM | lua-loader: Could not resolve all collection-roots for paths `{ "" }`: only found `{}`
WARN | 12:01:29 PM | vscode-loader: Could not find package.json(c) in path  (expanded to nil).
WARN | 12:01:29 PM | vscode-loader: Could not resolve all manifests for paths `{ "" }`: only found `{}`
WARN | 12:01:29 PM | snipmate-loader: Could not resolve all collection-roots for paths `{ "" }`: only found `{}`
WARN | 12:01:29 PM | lua-loader: Could not resolve all collection-roots for paths `{ "" }`: only found `{}`
WARN | 12:32:30 PM | vscode-loader: Could not find package.json(c) in path  (expanded to nil).
WARN | 12:32:30 PM | vscode-loader: Could not resolve all manifests for paths `{ "" }`: only found `{}`
WARN | 12:32:30 PM | snipmate-loader: Could not resolve all collection-roots for paths `{ "" }`: only found `{}`
WARN | 12:32:30 PM | lua-loader: Could not resolve all collection-roots for paths `{ "" }`: only found `{}`
WARN | 12:38:27 PM | vscode-loader: Could not find package.json(c) in path  (expanded to nil).
WARN | 12:38:27 PM | vscode-loader: Could not resolve all manifests for paths `{ "" }`: only found `{}`
WARN | 12:38:27 PM | snipmate-loader: Could not resolve all collection-roots for paths `{ "" }`: only found `{}`
WARN | 12:38:27 PM | lua-loader: Could not resolve all collection-roots for paths `{ "" }`: only found `{}`
WARN | 12:39:45 PM | vscode-loader: Could not find package.json(c) in path  (expanded to nil).
WARN | 12:39:45 PM | vscode-loader: Could not resolve all manifests for paths `{ "" }`: only found `{}`
WARN | 12:39:45 PM | snipmate-loader: Could not resolve all collection-roots for paths `{ "" }`: only found `{}`
WARN | 12:39:45 PM | lua-loader: Could not resolve all collection-roots for paths `{ "" }`: only found `{}`
WARN | 12:51:48 PM | vscode-loader: Could not find package.json(c) in path  (expanded to nil).
WARN | 12:51:48 PM | vscode-loader: Could not resolve all manifests for paths `{ "" }`: only found `{}`
WARN | 12:51:48 PM | snipmate-loader: Could not resolve all collection-roots for paths `{ "" }`: only found `{}`
WARN | 12:51:48 PM | lua-loader: Could not resolve all collection-roots for paths `{ "" }`: only found `{}`
WARN | 12:58:41 PM | vscode-loader: Could not find package.json(c) in path  (expanded to nil).
WARN | 12:58:41 PM | vscode-loader: Could not resolve all manifests for paths `{ "" }`: only found `{}`
WARN | 12:58:41 PM | snipmate-loader: Could not resolve all collection-roots for paths `{ "" }`: only found `{}`
WARN | 12:58:41 PM | lua-loader: Could not resolve all collection-roots for paths `{ "" }`: only found `{}`
WARN | 01:02:09 PM | vscode-loader: Could not find package.json(c) in path  (expanded to nil).
WARN | 01:02:09 PM | vscode-loader: Could not resolve all manifests for paths `{ "" }`: only found `{}`
WARN | 01:02:09 PM | snipmate-loader: Could not resolve all collection-roots for paths `{ "" }`: only found `{}`
WARN | 01:02:09 PM | lua-loader: Could not resolve all collection-roots for paths `{ "" }`: only found `{}`
WARN | 01:03:29 PM | vscode-loader: Could not find package.json(c) in path  (expanded to nil).
WARN | 01:03:29 PM | vscode-loader: Could not resolve all manifests for paths `{ "" }`: only found `{}`
WARN | 01:03:29 PM | snipmate-loader: Could not resolve all collection-roots for paths `{ "" }`: only found `{}`
WARN | 01:03:29 PM | lua-loader: Could not resolve all collection-roots for paths `{ "" }`: only found `{}`
WARN | 01:04:46 PM | vscode-loader: Could not find package.json(c) in path  (expanded to nil).
WARN | 01:04:46 PM | vscode-loader: Could not resolve all manifests for paths `{ "" }`: only found `{}`
WARN | 01:04:46 PM | snipmate-loader: Could not resolve all collection-roots for paths `{ "" }`: only found `{}`
WARN | 01:04:46 PM | lua-loader: Could not resolve all collection-roots for paths `{ "" }`: only found `{}`
WARN | 01:07:00 PM | vscode-loader: Could not find package.json(c) in path  (expanded to nil).
WARN | 01:07:00 PM | vscode-loader: Could not resolve all manifests for paths `{ "" }`: only found `{}`
WARN | 01:07:00 PM | snipmate-loader: Could not resolve all collection-roots for paths `{ "" }`: only found `{}`
WARN | 01:07:00 PM | lua-loader: Could not resolve all collection-roots for paths `{ "" }`: only found `{}`
WARN | 01:07:31 PM | vscode-loader: Could not find package.json(c) in path  (expanded to nil).
WARN | 01:07:31 PM | vscode-loader: Could not resolve all manifests for paths `{ "" }`: only found `{}`
WARN | 01:07:31 PM | snipmate-loader: Could not resolve all collection-roots for paths `{ "" }`: only found `{}`
WARN | 01:07:31 PM | lua-loader: Could not resolve all collection-roots for paths `{ "" }`: only found `{}`
WARN | 01:10:54 PM | vscode-loader: Could not find package.json(c) in path  (expanded to nil).
WARN | 01:10:54 PM | vscode-loader: Could not resolve all manifests for paths `{ "" }`: only found `{}`
WARN | 01:10:54 PM | snipmate-loader: Could not resolve all collection-roots for paths `{ "" }`: only found `{}`
WARN | 01:10:54 PM | lua-loader: Could not resolve all collection-roots for paths `{ "" }`: only found `{}`
WARN | 01:11:08 PM | vscode-loader: Could not find package.json(c) in path  (expanded to nil).
WARN | 01:11:08 PM | vscode-loader: Could not resolve all manifests for paths `{ "" }`: only found `{}`
WARN | 01:11:08 PM | snipmate-loader: Could not resolve all collection-roots for paths `{ "" }`: only found `{}`
WARN | 01:11:08 PM | lua-loader: Could not resolve all collection-roots for paths `{ "" }`: only found `{}`
WARN | 01:14:48 PM | vscode-loader: Could not find package.json(c) in path  (expanded to nil).
WARN | 01:14:48 PM | vscode-loader: Could not resolve all manifests for paths `{ "" }`: only found `{}`
WARN | 01:14:48 PM | snipmate-loader: Could not resolve all collection-roots for paths `{ "" }`: only found `{}`
WARN | 01:14:48 PM | lua-loader: Could not resolve all collection-roots for paths `{ "" }`: only found `{}`
WARN | 01:15:22 PM | vscode-loader: Could not find package.json(c) in path  (expanded to nil).
WARN | 01:15:22 PM | vscode-loader: Could not resolve all manifests for paths `{ "" }`: only found `{}`
WARN | 01:15:22 PM | snipmate-loader: Could not resolve all collection-roots for paths `{ "" }`: only found `{}`
WARN | 01:15:22 PM | lua-loader: Could not resolve all collection-roots for paths `{ "" }`: only found `{}`
WARN | 01:16:31 PM | vscode-loader: Could not find package.json(c) in path  (expanded to nil).
WARN | 01:16:31 PM | vscode-loader: Could not resolve all manifests for paths `{ "" }`: only found `{}`
WARN | 01:16:31 PM | snipmate-loader: Could not resolve all collection-roots for paths `{ "" }`: only found `{}`
WARN | 01:16:31 PM | lua-loader: Could not resolve all collection-roots for paths `{ "" }`: only found `{}`
WARN | 01:21:34 PM | vscode-loader: Could not find package.json(c) in path  (expanded to nil).
WARN | 01:21:34 PM | vscode-loader: Could not resolve all manifests for paths `{ "" }`: only found `{}`
WARN | 01:21:34 PM | snipmate-loader: Could not resolve all collection-roots for paths `{ "" }`: only found `{}`
WARN | 01:21:34 PM | lua-loader: Could not resolve all collection-roots for paths `{ "" }`: only found `{}`
WARN | 03:57:21 PM | vscode-loader: Could not find package.json(c) in path  (expanded to nil).
WARN | 03:57:21 PM | vscode-loader: Could not resolve all manifests for paths `{ "" }`: only found `{}`
WARN | 03:57:21 PM | snipmate-loader: Could not resolve all collection-roots for paths `{ "" }`: only found `{}`
WARN | 03:57:21 PM | lua-loader: Could not resolve all collection-roots for paths `{ "" }`: only found `{}`
WARN | 08:15:07 PM | vscode-loader: Could not find package.json(c) in path  (expanded to nil).
WARN | 08:15:07 PM | vscode-loader: Could not resolve all manifests for paths `{ "" }`: only found `{}`
WARN | 08:15:07 PM | snipmate-loader: Could not resolve all collection-roots for paths `{ "" }`: only found `{}`
WARN | 08:15:07 PM | lua-loader: Could not resolve all collection-roots for paths `{ "" }`: only found `{}`
WARN | 08:51:01 PM | vscode-loader: Could not find package.json(c) in path  (expanded to nil).
WARN | 08:51:01 PM | vscode-loader: Could not resolve all manifests for paths `{ "" }`: only found `{}`
WARN | 08:51:01 PM | snipmate-loader: Could not resolve all collection-roots for paths `{ "" }`: only found `{}`
WARN | 08:51:01 PM | lua-loader: Could not resolve all collection-roots for paths `{ "" }`: only found `{}`
WARN | 08:51:17 PM | vscode-loader: Could not find package.json(c) in path  (expanded to nil).
WARN | 08:51:17 PM | vscode-loader: Could not resolve all manifests for paths `{ "" }`: only found `{}`
WARN | 08:51:17 PM | snipmate-loader: Could not resolve all collection-roots for paths `{ "" }`: only found `{}`
WARN | 08:51:17 PM | lua-loader: Could not resolve all collection-roots for paths `{ "" }`: only found `{}`
WARN | 08:53:10 PM | vscode-loader: Could not find package.json(c) in path  (expanded to nil).
WARN | 08:53:10 PM | vscode-loader: Could not resolve all manifests for paths `{ "" }`: only found `{}`
WARN | 08:53:10 PM | snipmate-loader: Could not resolve all collection-roots for paths `{ "" }`: only found `{}`
WARN | 08:53:10 PM | lua-loader: Could not resolve all collection-roots for paths `{ "" }`: only found `{}`
WARN | 09:13:54 PM | vscode-loader: Could not find package.json(c) in path  (expanded to nil).
WARN | 09:13:54 PM | vscode-loader: Could not resolve all manifests for paths `{ "" }`: only found `{}`
WARN | 09:13:54 PM | snipmate-loader: Could not resolve all collection-roots for paths `{ "" }`: only found `{}`
WARN | 09:13:54 PM | lua-loader: Could not resolve all collection-roots for paths `{ "" }`: only found `{}`
WARN | 09:15:03 PM | vscode-loader: Could not find package.json(c) in path  (expanded to nil).
WARN | 09:15:03 PM | vscode-loader: Could not resolve all manifests for paths `{ "" }`: only found `{}`
WARN | 09:15:03 PM | snipmate-loader: Could not resolve all collection-roots for paths `{ "" }`: only found `{}`
WARN | 09:15:03 PM | lua-loader: Could not resolve all collection-roots for paths `{ "" }`: only found `{}`
WARN | 09:17:13 PM | vscode-loader: Could not find package.json(c) in path  (expanded to nil).
WARN | 09:17:13 PM | vscode-loader: Could not resolve all manifests for paths `{ "" }`: only found `{}`
WARN | 09:17:13 PM | snipmate-loader: Could not resolve all collection-roots for paths `{ "" }`: only found `{}`
WARN | 09:17:13 PM | lua-loader: Could not resolve all collection-roots for paths `{ "" }`: only found `{}`
WARN | 09:20:58 PM | vscode-loader: Could not find package.json(c) in path  (expanded to nil).
WARN | 09:20:58 PM | vscode-loader: Could not resolve all manifests for paths `{ "" }`: only found `{}`
WARN | 09:20:58 PM | snipmate-loader: Could not resolve all collection-roots for paths `{ "" }`: only found `{}`
WARN | 09:20:58 PM | lua-loader: Could not resolve all collection-roots for paths `{ "" }`: only found `{}`
WARN | 09:22:45 PM | vscode-loader: Could not find package.json(c) in path  (expanded to nil).
WARN | 09:22:45 PM | vscode-loader: Could not resolve all manifests for paths `{ "" }`: only found `{}`
WARN | 09:22:45 PM | snipmate-loader: Could not resolve all collection-roots for paths `{ "" }`: only found `{}`
WARN | 09:22:45 PM | lua-loader: Could not resolve all collection-roots for paths `{ "" }`: only found `{}`
WARN | 09:23:32 PM | vscode-loader: Could not find package.json(c) in path  (expanded to nil).
WARN | 09:23:32 PM | vscode-loader: Could not resolve all manifests for paths `{ "" }`: only found `{}`
WARN | 09:23:32 PM | snipmate-loader: Could not resolve all collection-roots for paths `{ "" }`: only found `{}`
WARN | 09:23:32 PM | lua-loader: Could not resolve all collection-roots for paths `{ "" }`: only found `{}`
WARN | 09:24:07 PM | vscode-loader: Could not find package.json(c) in path  (expanded to nil).
WARN | 09:24:07 PM | vscode-loader: Could not resolve all manifests for paths `{ "" }`: only found `{}`
WARN | 09:24:07 PM | snipmate-loader: Could not resolve all collection-roots for paths `{ "" }`: only found `{}`
WARN | 09:24:07 PM | lua-loader: Could not resolve all collection-roots for paths `{ "" }`: only found `{}`
WARN | 09:30:02 PM | vscode-loader: Could not find package.json(c) in path  (expanded to nil).
WARN | 09:30:02 PM | vscode-loader: Could not resolve all manifests for paths `{ "" }`: only found `{}`
WARN | 09:30:02 PM | snipmate-loader: Could not resolve all collection-roots for paths `{ "" }`: only found `{}`
WARN | 09:30:02 PM | lua-loader: Could not resolve all collection-roots for paths `{ "" }`: only found `{}`
WARN | 09:30:53 PM | vscode-loader: Could not find package.json(c) in path  (expanded to nil).
WARN | 09:30:53 PM | vscode-loader: Could not resolve all manifests for paths `{ "" }`: only found `{}`
WARN | 09:30:53 PM | snipmate-loader: Could not resolve all collection-roots for paths `{ "" }`: only found `{}`
WARN | 09:30:53 PM | lua-loader: Could not resolve all collection-roots for paths `{ "" }`: only found `{}`
WARN | 09:43:01 PM | vscode-loader: Could not find package.json(c) in path  (expanded to nil).
WARN | 09:43:01 PM | vscode-loader: Could not resolve all manifests for paths `{ "" }`: only found `{}`
WARN | 09:43:01 PM | snipmate-loader: Could not resolve all collection-roots for paths `{ "" }`: only found `{}`
WARN | 09:43:01 PM | lua-loader: Could not resolve all collection-roots for paths `{ "" }`: only found `{}`
WARN | 11:06:42 AM | vscode-loader: Could not find package.json(c) in path  (expanded to nil).
WARN | 11:06:42 AM | vscode-loader: Could not resolve all manifests for paths `{ "" }`: only found `{}`
WARN | 11:06:42 AM | snipmate-loader: Could not resolve all collection-roots for paths `{ "" }`: only found `{}`
WARN | 11:06:42 AM | lua-loader: Could not resolve all collection-roots for paths `{ "" }`: only found `{}`
WARN | 11:27:03 AM | vscode-loader: Could not find package.json(c) in path  (expanded to nil).
WARN | 11:27:03 AM | vscode-loader: Could not resolve all manifests for paths `{ "" }`: only found `{}`
WARN | 11:27:03 AM | snipmate-loader: Could not resolve all collection-roots for paths `{ "" }`: only found `{}`
WARN | 11:27:03 AM | lua-loader: Could not resolve all collection-roots for paths `{ "" }`: only found `{}`
WARN | 11:28:41 AM | vscode-loader: Could not find package.json(c) in path  (expanded to nil).
WARN | 11:28:41 AM | vscode-loader: Could not resolve all manifests for paths `{ "" }`: only found `{}`
WARN | 11:28:41 AM | snipmate-loader: Could not resolve all collection-roots for paths `{ "" }`: only found `{}`
WARN | 11:28:41 AM | lua-loader: Could not resolve all collection-roots for paths `{ "" }`: only found `{}`
WARN | 11:36:56 AM | vscode-loader: Could not find package.json(c) in path  (expanded to nil).
WARN | 11:36:56 AM | vscode-loader: Could not resolve all manifests for paths `{ "" }`: only found `{}`
WARN | 11:36:56 AM | snipmate-loader: Could not resolve all collection-roots for paths `{ "" }`: only found `{}`
WARN | 11:36:56 AM | lua-loader: Could not resolve all collection-roots for paths `{ "" }`: only found `{}`
WARN | 01:26:15 PM | vscode-loader: Could not find package.json(c) in path  (expanded to nil).
WARN | 01:26:15 PM | vscode-loader: Could not resolve all manifests for paths `{ "" }`: only found `{}`
WARN | 01:26:15 PM | snipmate-loader: Could not resolve all collection-roots for paths `{ "" }`: only found `{}`
WARN | 01:26:15 PM | lua-loader: Could not resolve all collection-roots for paths `{ "" }`: only found `{}`
WARN | 09:50:13 PM | vscode-loader: Could not find package.json(c) in path  (expanded to nil).
WARN | 09:50:13 PM | vscode-loader: Could not resolve all manifests for paths `{ "" }`: only found `{}`
WARN | 09:50:13 PM | snipmate-loader: Could not resolve all collection-roots for paths `{ "" }`: only found `{}`
WARN | 09:50:13 PM | lua-loader: Could not resolve all collection-roots for paths `{ "" }`: only found `{}`
WARN | 09:56:22 PM | vscode-loader: Could not find package.json(c) in path  (expanded to nil).
WARN | 09:56:22 PM | vscode-loader: Could not resolve all manifests for paths `{ "" }`: only found `{}`
WARN | 09:56:22 PM | snipmate-loader: Could not resolve all collection-roots for paths `{ "" }`: only found `{}`
WARN | 09:56:22 PM | lua-loader: Could not resolve all collection-roots for paths `{ "" }`: only found `{}`
WARN | 09:58:35 PM | vscode-loader: Could not find package.json(c) in path  (expanded to nil).
WARN | 09:58:35 PM | vscode-loader: Could not resolve all manifests for paths `{ "" }`: only found `{}`
WARN | 09:58:35 PM | snipmate-loader: Could not resolve all collection-roots for paths `{ "" }`: only found `{}`
WARN | 09:58:35 PM | lua-loader: Could not resolve all collection-roots for paths `{ "" }`: only found `{}`
WARN | 10:03:46 PM | vscode-loader: Could not find package.json(c) in path  (expanded to nil).
WARN | 10:03:46 PM | vscode-loader: Could not resolve all manifests for paths `{ "" }`: only found `{}`
WARN | 10:03:46 PM | snipmate-loader: Could not resolve all collection-roots for paths `{ "" }`: only found `{}`
WARN | 10:03:46 PM | lua-loader: Could not resolve all collection-roots for paths `{ "" }`: only found `{}`
WARN | 10:09:33 PM | vscode-loader: Could not find package.json(c) in path  (expanded to nil).
WARN | 10:09:33 PM | vscode-loader: Could not resolve all manifests for paths `{ "" }`: only found `{}`
WARN | 10:09:33 PM | snipmate-loader: Could not resolve all collection-roots for paths `{ "" }`: only found `{}`
WARN | 10:09:33 PM | lua-loader: Could not resolve all collection-roots for paths `{ "" }`: only found `{}`
WARN | 10:19:22 PM | vscode-loader: Could not find package.json(c) in path  (expanded to nil).
WARN | 10:19:22 PM | vscode-loader: Could not resolve all manifests for paths `{ "" }`: only found `{}`
WARN | 10:19:22 PM | snipmate-loader: Could not resolve all collection-roots for paths `{ "" }`: only found `{}`
WARN | 10:19:22 PM | lua-loader: Could not resolve all collection-roots for paths `{ "" }`: only found `{}`
WARN | 10:21:20 PM | vscode-loader: Could not find package.json(c) in path  (expanded to nil).
WARN | 10:21:20 PM | vscode-loader: Could not resolve all manifests for paths `{ "" }`: only found `{}`
WARN | 10:21:20 PM | snipmate-loader: Could not resolve all collection-roots for paths `{ "" }`: only found `{}`
WARN | 10:21:20 PM | lua-loader: Could not resolve all collection-roots for paths `{ "" }`: only found `{}`
WARN | 10:23:10 PM | vscode-loader: Could not find package.json(c) in path  (expanded to nil).
WARN | 10:23:10 PM | vscode-loader: Could not resolve all manifests for paths `{ "" }`: only found `{}`
WARN | 10:23:10 PM | snipmate-loader: Could not resolve all collection-roots for paths `{ "" }`: only found `{}`
WARN | 10:23:10 PM | lua-loader: Could not resolve all collection-roots for paths `{ "" }`: only found `{}`
WARN | 11:00:00 PM | vscode-loader: Could not find package.json(c) in path  (expanded to nil).
WARN | 11:00:00 PM | vscode-loader: Could not resolve all manifests for paths `{ "" }`: only found `{}`
WARN | 11:00:00 PM | snipmate-loader: Could not resolve all collection-roots for paths `{ "" }`: only found `{}`
WARN | 11:00:00 PM | lua-loader: Could not resolve all collection-roots for paths `{ "" }`: only found `{}`
WARN | 11:04:22 PM | vscode-loader: Could not find package.json(c) in path  (expanded to nil).
WARN | 11:04:22 PM | vscode-loader: Could not resolve all manifests for paths `{ "" }`: only found `{}`
WARN | 11:04:22 PM | snipmate-loader: Could not resolve all collection-roots for paths `{ "" }`: only found `{}`
WARN | 11:04:22 PM | lua-loader: Could not resolve all collection-roots for paths `{ "" }`: only found `{}`
WARN | 11:05:19 PM | vscode-loader: Could not find package.json(c) in path  (expanded to nil).
WARN | 11:05:19 PM | vscode-loader: Could not resolve all manifests for paths `{ "" }`: only found `{}`
WARN | 11:05:19 PM | snipmate-loader: Could not resolve all collection-roots for paths `{ "" }`: only found `{}`
WARN | 11:05:19 PM | lua-loader: Could not resolve all collection-roots for paths `{ "" }`: only found `{}`
WARN | 10:24:09 AM | vscode-loader: Could not find package.json(c) in path  (expanded to nil).
WARN | 10:24:09 AM | vscode-loader: Could not resolve all manifests for paths `{ "" }`: only found `{}`
WARN | 10:24:09 AM | snipmate-loader: Could not resolve all collection-roots for paths `{ "" }`: only found `{}`
WARN | 10:24:09 AM | lua-loader: Could not resolve all collection-roots for paths `{ "" }`: only found `{}`
WARN | 10:25:34 AM | vscode-loader: Could not find package.json(c) in path  (expanded to nil).
WARN | 10:25:34 AM | vscode-loader: Could not resolve all manifests for paths `{ "" }`: only found `{}`
WARN | 10:25:34 AM | snipmate-loader: Could not resolve all collection-roots for paths `{ "" }`: only found `{}`
WARN | 10:25:34 AM | lua-loader: Could not resolve all collection-roots for paths `{ "" }`: only found `{}`
WARN | 10:27:27 AM | vscode-loader: Could not find package.json(c) in path  (expanded to nil).
WARN | 10:27:27 AM | vscode-loader: Could not resolve all manifests for paths `{ "" }`: only found `{}`
WARN | 10:27:27 AM | snipmate-loader: Could not resolve all collection-roots for paths `{ "" }`: only found `{}`
WARN | 10:27:27 AM | lua-loader: Could not resolve all collection-roots for paths `{ "" }`: only found `{}`
WARN | 11:09:29 AM | vscode-loader: Could not find package.json(c) in path  (expanded to nil).
WARN | 11:09:29 AM | vscode-loader: Could not resolve all manifests for paths `{ "" }`: only found `{}`
WARN | 11:09:29 AM | snipmate-loader: Could not resolve all collection-roots for paths `{ "" }`: only found `{}`
WARN | 11:09:29 AM | lua-loader: Could not resolve all collection-roots for paths `{ "" }`: only found `{}`
WARN | 11:43:03 AM | vscode-loader: Could not find package.json(c) in path  (expanded to nil).
WARN | 11:43:03 AM | vscode-loader: Could not resolve all manifests for paths `{ "" }`: only found `{}`
WARN | 11:43:03 AM | snipmate-loader: Could not resolve all collection-roots for paths `{ "" }`: only found `{}`
WARN | 11:43:03 AM | lua-loader: Could not resolve all collection-roots for paths `{ "" }`: only found `{}`
